KleioTranslator - server version 2021.A4 - build 1967 (master) 18/08/2021 22:05 
21-8-2021 8-51

Processing data file bap1721.cli
-------------------------------------------
Generic Act translation module with geoentities (XML).
     Joaquim Ramos de Carvalho (joaquim@uc.pt) 
** New document: kleio
=========================
kleio translation started
=========================
Structure: gacto2.str
Prefix: 
Autorel: 
Translation count: 15
Obs: 
** Processing source fonte$bap1721
** Base name of file bap1721 in bap1721.cli
6: bap$b1721.01
28: bap$b1721.2
52: bap$b1721.3
76: bap$b1721.4
97: bap$b1721.5
119: bap$b1721.6
144: bap$b1721.7
166: bap$b1721.8
186: bap$b1721.9
206: bap$b1721.10
226: bap$b1721.11
255: bap$b1721.12
280: bap$b1721.13
301: bap$b1721.14
322: bap$b1721.15
342: bap$b1721.16
359: bap$b1721.17
378: bap$b1721.18
395: bap$b1721.19
420: bap$b1721.20
440: bap$b1721.21
464: bap$b1721.22
485: bap$b1721.23
506: bap$b1721.24
530: bap$b1721.25
560: bap$b1721.26
582: bap$b1721.27
603: bap$b1721.28
628: bap$b1721.29
651: bap$b1721.30
673: bap$b1721.31
695: bap$b1721.32
713: bap$b1721.33
731: bap$b1721.34
756: bap$b1721.35
784: bap$b1721.36
806: bap$b1721.37
825: bap$b1721.38
847: bap$b1721.39
867: bap$b1721.40
893: bap$b1721.41
913: bap$b1721.42
941: bap$b1721.43
965: bap$b1721.44
994: bap$b1721.45
1016: bap$b1721.46
1036: bap$b1721.47
1057: bap$b1721.48
1083: bap$b1721.49
1102: bap$b1721.50
1124: bap$b1721.51
1147: bap$b1721.52
1172: bap$b1721.53
1194: bap$b1721.54
1214: bap$b1721.55
1235: bap$b1721.56
1259: bap$b1721.57
1281: bap$b1721.58
1304: bap$b1721.59
1337: bap$b1721.60
1357: bap$b1721.61
1379: bap$b1721.62
1405: bap$b1721.63
1428: bap$b1721.64
1447: bap$b1721.65
1466: bap$b1721.66
1504: bap$b1721.67
1529: bap$b1721.68
1551: bap$b1721.69
1572: bap$b1721.70
1592: bap$b1721.71
1615: bap$b1721.72
1638: bap$b1721.73
1662: bap$b1721.74
1684: bap$b1721.75
1717: bap$b1721.76
1740: bap$b1721.77
1760: bap$b1721.78
1781: bap$b1721.79
1812: bap$b1721.80
1842: bap$b1721.81
1866: bap$b1721.82
1886: bap$b1721.83
1909: bap$b1721.84
1933: bap$b1721.85
1958: bap$b1721.86
1984: bap$b1721.87
2013: bap$b1721.88
2039: bap$b1721.89
2065: bap$b1721.90
2085: bap$b1721.91
2110: bap$b1721.92
2134: bap$b1721.93
2157: bap$b1721.94
2181: bap$b1721.95
2204: bap$b1721.96
2224: bap$b1721.97
2248: bap$b1721.98
2271: bap$b1721.99
2290: bap$b1721.100
2319: bap$b1721.101
2339: bap$b1721.102
2363: bap$b1721.103
2384: bap$b1721.104
2405: bap$b1721.105
2430: bap$b1721.106
2452: bap$b1721.107
2472: bap$b1721.108
2491: bap$b1721.109
2515: bap$b1721.110
2536: bap$b1721.111
2565: bap$b1721.112
2593: bap$b1721.113
2616: bap$b1721.114
2643: bap$b1721.115
2664: bap$b1721.116
2682: bap$b1721.117
*** End of File


** Processed file- /kleio-home/sources/soure-fontes/sources/1720-1732/bap1721.cli
** Original file- /kleio-home/sources/soure-fontes/sources/1720-1732/bap1721.org
** Previous version- /kleio-home/sources/soure-fontes/sources/1720-1732/bap1721.old
** Temp file with ids- /kleio-home/sources/soure-fontes/sources/1720-1732/bap1721.ids
** - /kleio-home/sources/soure-fontes/sources/1720-1732/bap1721.cli-renamed to- /kleio-home/sources/soure-fontes/sources/1720-1732/bap1721.old
** - /kleio-home/sources/soure-fontes/sources/1720-1732/bap1721.ids-renamed to- /kleio-home/sources/soure-fontes/sources/1720-1732/bap1721.cli
** Translation files closed.
0  errors. 
0  warnings.
Translation finished.
