KleioTranslator - server version 2021.A4 - build 1967 (master) 18/08/2021 22:05 
21-8-2021 8-55

Processing data file bap1720.cli
-------------------------------------------
Generic Act translation module with geoentities (XML).
     Joaquim Ramos de Carvalho (joaquim@uc.pt) 
** New document: kleio
=========================
kleio translation started
=========================
Structure: gacto2.str
Prefix: 
Autorel: 
Translation count: 13
Obs: 
** Processing source fonte$bap1720
** Base name of file bap1720 in bap1720.cli
*** End of File


** Processed file- /kleio-home/sources/soure-fontes/sources/1720-1732/bap1720.cli
** Original file- /kleio-home/sources/soure-fontes/sources/1720-1732/bap1720.org
** Previous version- /kleio-home/sources/soure-fontes/sources/1720-1732/bap1720.old
** Temp file with ids- /kleio-home/sources/soure-fontes/sources/1720-1732/bap1720.ids
** - /kleio-home/sources/soure-fontes/sources/1720-1732/bap1720.cli-renamed to- /kleio-home/sources/soure-fontes/sources/1720-1732/bap1720.old
** - /kleio-home/sources/soure-fontes/sources/1720-1732/bap1720.ids-renamed to- /kleio-home/sources/soure-fontes/sources/1720-1732/bap1720.cli
** Translation files closed.
0  errors. 
0  warnings.
Translation finished.
