KleioTranslator - server version 2021.A4 - build 1967 (master) 18/08/2021 22:05 
21-8-2021 9-0

Processing data file cas1721.cli
-------------------------------------------
Generic Act translation module with geoentities (XML).
     Joaquim Ramos de Carvalho (joaquim@uc.pt) 
** New document: kleio
=========================
kleio translation started
=========================
Structure: gacto2.str
Prefix: 
Autorel: 
Translation count: 10
Obs: 
** Processing source fonte$cas1721
** Base name of file cas1721 in cas1721.cli
6: cas$c1721.01
68: cas$c1721.2
95: cas$c1721.3
136: cas$c1721.4
177: cas$c1721.5
209: cas$c1721.6
237: cas$c1721.7
264: cas$c1721.8
297: cas$c1721.9
330: cas$c1721.10
364: cas$c1721.11
394: cas$c1721.12
429: cas$c1721.13
474: cas$c1721.14
523: cas$c1721.15
556: cas$c1721.16
597: cas$c1721.17
630: cas$c1721.18
662: cas$c1721.19
695: cas$c1721.20
727: cas$c1721.21
759: cas$c1721.22
790: cas$c1721.23
*** End of File


** Processed file- /kleio-home/sources/soure-fontes/sources/1720-1732/cas1721.cli
** Original file- /kleio-home/sources/soure-fontes/sources/1720-1732/cas1721.org
** Previous version- /kleio-home/sources/soure-fontes/sources/1720-1732/cas1721.old
** Temp file with ids- /kleio-home/sources/soure-fontes/sources/1720-1732/cas1721.ids
** - /kleio-home/sources/soure-fontes/sources/1720-1732/cas1721.cli-renamed to- /kleio-home/sources/soure-fontes/sources/1720-1732/cas1721.old
** - /kleio-home/sources/soure-fontes/sources/1720-1732/cas1721.ids-renamed to- /kleio-home/sources/soure-fontes/sources/1720-1732/cas1721.cli
** Translation files closed.
0  errors. 
0  warnings.
Translation finished.
