KleioTranslator - server version 2021.A4 - build 1967 (master) 18/08/2021 22:05 
21-8-2021 9-2

Processing data file cas1732.cli
-------------------------------------------
Generic Act translation module with geoentities (XML).
     Joaquim Ramos de Carvalho (joaquim@uc.pt) 
** New document: kleio
=========================
kleio translation started
=========================
Structure: gacto2.str
Prefix: 
Autorel: 
Translation count: 5
Obs: 
** Processing source fonte$cas1732
** Base name of file cas1732 in cas1732.cli
6: cas$c1732.01
40: cas$c1732.2
75: cas$c1732.3
107: cas$c1732.4
139: cas$c1732.5
176: cas$c1732.6
208: cas$c1732.7
250: cas$c1732.8
283: cas$c1732.9
318: cas$c1732.10
361: cas$c1732.11
394: cas$c1732.12
424: cas$c1732.13
455: cas$c1732.14
485: cas$c1732.15
541: cas$c1732.16
580: cas$c1732.17
613: cas$c1732.18
653: cas$c1732.19
684: cas$c1732.20
717: cas$c1732.21
748: cas$c1732.22
780: cas$c1732.23
811: cas$c1732.24
845: cas$c1732.25
877: cas$c1732.26
*** End of File


** Processed file- /kleio-home/sources/soure-fontes/sources/1720-1732/cas1732.cli
** Original file- /kleio-home/sources/soure-fontes/sources/1720-1732/cas1732.org
** Previous version- /kleio-home/sources/soure-fontes/sources/1720-1732/cas1732.old
** Temp file with ids- /kleio-home/sources/soure-fontes/sources/1720-1732/cas1732.ids
** - /kleio-home/sources/soure-fontes/sources/1720-1732/cas1732.cli-renamed to- /kleio-home/sources/soure-fontes/sources/1720-1732/cas1732.old
** - /kleio-home/sources/soure-fontes/sources/1720-1732/cas1732.ids-renamed to- /kleio-home/sources/soure-fontes/sources/1720-1732/cas1732.cli
** Translation files closed.
0  errors. 
0  warnings.
Translation finished.
