KleioTranslator - server version 2021.A4 - build 1891 (master) 01/06/2021 08:41 
1-6-2021 9-0

Processing data file cas1734.cli
-------------------------------------------
Generic Act translation module with geoentities (XML).
     Joaquim Ramos de Carvalho (joaquim@uc.pt) 
** New document: kleio
=========================
kleio translation started
=========================
Structure: gacto2.str
Prefix: 
Autorel: 
Translation count: 9
Obs: 
** Processing source fonte$casamentos 1734
** Base name of file cas1734.cli

WARNING: cas1734.cli line 3 * Warning: Filename should match source Id to avoid errors. File: cas1734.cli Id: casamentos 1734.
Near lines: 3 
Near line: 4       cas$c1734.01/11/1/1734/fol.371v/local__igreja de sao tiago/celebrante__vigario manuel rodrigues

6: cas$c1734.01
40: cas$c1734.2
72: cas$c1734.3
102: cas$c1734.4
134: cas$c1734.5
164: cas$c1734.6
196: cas$c1734.7
232: cas$c1734.8
264: cas$c1734.9
297: cas$c1734.10
330: cas$c1734.11
357: cas$c1734.12
390: cas$c1734.13
422: cas$c1734.14
454: cas$c1734.15
484: cas$c1734.16
520: cas$c1734.17
551: cas$c1734.18
583: cas$c1734.19
614: cas$c1734.20
645: cas$c1734.21
676: cas$c1734.22
708: cas$c1734.23
738: cas$c1734.24
771: cas$c1734.25
803: cas$c1734.26
833: cas$c1734.27
*** End of File


** Processed file- /kleio-home/sources/soure-fontes/sources/1720-1732/cas1734.cli
** Original file- /kleio-home/sources/soure-fontes/sources/1720-1732/cas1734.org
** Previous version- /kleio-home/sources/soure-fontes/sources/1720-1732/cas1734.old
** Temp file with ids- /kleio-home/sources/soure-fontes/sources/1720-1732/cas1734.ids
** - /kleio-home/sources/soure-fontes/sources/1720-1732/cas1734.cli-renamed to- /kleio-home/sources/soure-fontes/sources/1720-1732/cas1734.old
** - /kleio-home/sources/soure-fontes/sources/1720-1732/cas1734.ids-renamed to- /kleio-home/sources/soure-fontes/sources/1720-1732/cas1734.cli
** Translation files closed.
0  errors. 
1  warnings.
Translation finished.
