KleioTranslator - server version 2021.A4 - build 1967 (master) 18/08/2021 22:05 
21-8-2021 9-1

Processing data file cas1724.cli
-------------------------------------------
Generic Act translation module with geoentities (XML).
     Joaquim Ramos de Carvalho (joaquim@uc.pt) 
** New document: kleio
=========================
kleio translation started
=========================
Structure: gacto2.str
Prefix: 
Autorel: 
Translation count: 10
Obs: 
** Processing source fonte$cas1724
** Base name of file cas1724 in cas1724.cli
6: cas$c1724.01
41: cas$c1724.2
73: cas$c1724.3
105: cas$c1724.4
136: cas$c1724.5
175: cas$c1724.6
208: cas$c1724.7
240: cas$c1724.8
274: cas$c1724.9
308: cas$c1724.10
341: cas$c1724.11
378: cas$c1724.12
427: cas$c1724.13
459: cas$c1724.14
491: cas$c1724.15
530: cas$c1724.16
573: cas$c1724.17
604: cas$c1724.18
646: cas$c1724.19
683: cas$c1724.20
718: cas$c1724.21
759: cas$c1724.22
813: cas$c1724.23
845: cas$c1724.24
879: cas$c1724.25
912: cas$c1724.26
957: cas$c1724.27
1020: cas$c1724.28
1051: cas$c1724.29
1085: cas$c1724.30
1128: cas$c1724.31
1165: cas$c1724.32
*** End of File


** Processed file- /kleio-home/sources/soure-fontes/sources/1720-1732/cas1724.cli
** Original file- /kleio-home/sources/soure-fontes/sources/1720-1732/cas1724.org
** Previous version- /kleio-home/sources/soure-fontes/sources/1720-1732/cas1724.old
** Temp file with ids- /kleio-home/sources/soure-fontes/sources/1720-1732/cas1724.ids
** - /kleio-home/sources/soure-fontes/sources/1720-1732/cas1724.cli-renamed to- /kleio-home/sources/soure-fontes/sources/1720-1732/cas1724.old
** - /kleio-home/sources/soure-fontes/sources/1720-1732/cas1724.ids-renamed to- /kleio-home/sources/soure-fontes/sources/1720-1732/cas1724.cli
** Translation files closed.
0  errors. 
0  warnings.
Translation finished.
