KleioTranslator - server version 2021.A4 - build 1967 (master) 18/08/2021 22:05 
21-8-2021 9-3

Processing data file cas1731.cli
-------------------------------------------
Generic Act translation module with geoentities (XML).
     Joaquim Ramos de Carvalho (joaquim@uc.pt) 
** New document: kleio
=========================
kleio translation started
=========================
Structure: gacto2.str
Prefix: 
Autorel: 
Translation count: 8
Obs: 
** Processing source fonte$cas1731
** Base name of file cas1731 in cas1731.cli
6: cas$c1731.01
39: cas$c1731.2
72: cas$c1731.3
105: cas$c1731.4
139: cas$c1731.5
174: cas$c1731.6
206: cas$c1731.7
240: cas$c1731.8
298: cas$c1731.9
330: cas$c1731.10
362: cas$c1731.11
408: cas$c1731.12
442: cas$c1731.13
475: cas$c1731.14
517: cas$c1731.15
*** End of File


** Processed file- /kleio-home/sources/soure-fontes/sources/1720-1732/cas1731.cli
** Original file- /kleio-home/sources/soure-fontes/sources/1720-1732/cas1731.org
** Previous version- /kleio-home/sources/soure-fontes/sources/1720-1732/cas1731.old
** Temp file with ids- /kleio-home/sources/soure-fontes/sources/1720-1732/cas1731.ids
** - /kleio-home/sources/soure-fontes/sources/1720-1732/cas1731.cli-renamed to- /kleio-home/sources/soure-fontes/sources/1720-1732/cas1731.old
** - /kleio-home/sources/soure-fontes/sources/1720-1732/cas1731.ids-renamed to- /kleio-home/sources/soure-fontes/sources/1720-1732/cas1731.cli
** Translation files closed.
0  errors. 
0  warnings.
Translation finished.
