KleioTranslator - server version 2021.A4 - build 1891 (master) 01/06/2021 08:41 
1-6-2021 8-58

Processing data file cas1725.cli
-------------------------------------------
Generic Act translation module with geoentities (XML).
     Joaquim Ramos de Carvalho (joaquim@uc.pt) 
** New document: kleio
=========================
kleio translation started
=========================
Structure: gacto2.str
Prefix: 
Autorel: 
Translation count: 7
Obs: 
** Processing source fonte$casamentos 1725
** Base name of file cas1725.cli

WARNING: cas1725.cli line 3 * Warning: Filename should match source Id to avoid errors. File: cas1725.cli Id: casamentos 1725.
Near lines: 3 
Near line: 4       cas$c1725.01/8/1/1725/fol.324/local__igreja de sao tiago/celebrante__manuel rodrigues

6: cas$c1725.01
37: cas$c1725.2
65: cas$c1725.3
95: cas$c1725.4
132: cas$c1725.5
161: cas$c1725.6
199: cas$c1725.7
250: cas$c1725.8
282: cas$c1725.9
315: cas$c1725.10
351: cas$c1725.11
382: cas$c1725.12
414: cas$c1725.13
455: cas$c1725.14
491: cas$c1725.15
526: cas$c1725.16
558: cas$c1725.17
590: cas$c1725.18
620: cas$c1725.20
652: cas$c1725.21
686: cas$c1725.22
715: cas$c1725.23
745: cas$c1725.24
779: cas$c1725.25
821: cas$c1725.26
*** End of File


** Processed file- /kleio-home/sources/soure-fontes/sources/1720-1732/cas1725.cli
** Original file- /kleio-home/sources/soure-fontes/sources/1720-1732/cas1725.org
** Previous version- /kleio-home/sources/soure-fontes/sources/1720-1732/cas1725.old
** Temp file with ids- /kleio-home/sources/soure-fontes/sources/1720-1732/cas1725.ids
** - /kleio-home/sources/soure-fontes/sources/1720-1732/cas1725.cli-renamed to- /kleio-home/sources/soure-fontes/sources/1720-1732/cas1725.old
** - /kleio-home/sources/soure-fontes/sources/1720-1732/cas1725.ids-renamed to- /kleio-home/sources/soure-fontes/sources/1720-1732/cas1725.cli
** Translation files closed.
0  errors. 
1  warnings.
Translation finished.
