KleioTranslator - server version 2021.A4 - build 1891 (master) 01/06/2021 08:41 
1-6-2021 8-59

Processing data file cas1726.cli
-------------------------------------------
Generic Act translation module with geoentities (XML).
     Joaquim Ramos de Carvalho (joaquim@uc.pt) 
** New document: kleio
=========================
kleio translation started
=========================
Structure: gacto2.str
Prefix: 
Autorel: 
Translation count: 7
Obs: 
** Processing source fonte$casamentos 1726
** Base name of file cas1726.cli

WARNING: cas1726.cli line 3 * Warning: Filename should match source Id to avoid errors. File: cas1726.cli Id: casamentos 1726.
Near lines: 3 
Near line: 4       cas$c1726.01/7/1/1726/fol.332/local__igreja de sao tiago/celebrante__manuel rodrigues

6: cas$c1726.01
40: cas$c1726.2
69: cas$c1726.3
102: cas$c1726.4
134: cas$c1726.5
168: cas$c1726.6
198: cas$c1726.7
229: cas$c1726.8
262: cas$c1726.9
293: cas$c1726.10
324: cas$c1726.11
360: cas$c1726.12
404: cas$c1726.13
456: cas$c1726.14
489: cas$c1726.16
536: cas$c1726.17
567: cas$c1726.18
628: cas$c1726.19
658: cas$c1726.20
689: cas$c1726.21
723: cas$c1726.22
758: cas$c1726.23
*** End of File


** Processed file- /kleio-home/sources/soure-fontes/sources/1720-1732/cas1726.cli
** Original file- /kleio-home/sources/soure-fontes/sources/1720-1732/cas1726.org
** Previous version- /kleio-home/sources/soure-fontes/sources/1720-1732/cas1726.old
** Temp file with ids- /kleio-home/sources/soure-fontes/sources/1720-1732/cas1726.ids
** - /kleio-home/sources/soure-fontes/sources/1720-1732/cas1726.cli-renamed to- /kleio-home/sources/soure-fontes/sources/1720-1732/cas1726.old
** - /kleio-home/sources/soure-fontes/sources/1720-1732/cas1726.ids-renamed to- /kleio-home/sources/soure-fontes/sources/1720-1732/cas1726.cli
** Translation files closed.
0  errors. 
1  warnings.
Translation finished.
