KleioTranslator - server version 2021.A4 - build 1891 (master) 01/06/2021 08:41 
1-6-2021 8-58

Processing data file obi1734.cli
-------------------------------------------
Generic Act translation module with geoentities (XML).
     Joaquim Ramos de Carvalho (joaquim@uc.pt) 
** New document: kleio
=========================
kleio translation started
=========================
Structure: gacto2.str
Prefix: 
Autorel: 
Translation count: 8
Obs: 
** Processing source fonte$obito 1734
** Base name of file obi1734.cli

WARNING: obi1734.cli line 3 * Warning: Filename should match source Id to avoid errors. File: obi1734.cli Id: obito 1734.
Near lines: 3 
Near line: 4       obito$o1734.01/6/1/1734/fl.74/celebrante__ vigario manuel rodrigues

6: obito$o1734.01
20: obito$o1734.2
34: obito$o1734.3
46: obito$o1734.4
65: obito$o1734.5
83: obito$o1734.6
94: obito$o1734.7
107: obito$o1734.8
122: obito$o1734.9
140: obito$o1734.10
151: obito$o1734.11
164: obito$o1734.12
180: obito$o1734.13
196: obito$o1734.14
216: obito$o1734.15
229: obito$o1734.16
245: obito$o1734.17
258: obito$o1734.18
269: obito$o1734.19
283: obito$o1734.20
299: obito$o1734.21
312: obito$o1734.22
327: obito$o1734.23
340: obito$o1734.24
356: obito$o1734.25
369: obito$o1734.26
385: obito$o1734.27
400: obito$o1734.28
418: obito$o1734.29
432: obito$o1734.30
445: obito$o1734.31
463: obito$o1734.32
478: obito$o1734.33
492: obito$o1734.34
510: obito$o1734.35
529: obito$o1734.36
543: obito$o1734.37
564: obito$o1734.38
582: obito$o1734.39
595: obito$o1734.40
608: obito$o1734.41
625: obito$o1734.42
641: obito$o1734.43
655: obito$o1734.44
668: obito$o1734.45
684: obito$o1734.46
697: obito$o1734.47
714: obito$o1734.48
725: obito$o1734.49
746: obito$o1734.50
760: obito$o1734.51
776: obito$o1734.52
789: obito$o1734.53
810: obito$o1734.54
825: obito$o1734.55
840: obito$o1734.56
853: obito$o1734.57
867: obito$o1734.58
885: obito$o1734.59
896: obito$o1734.60
908: obito$o1734.61
924: obito$o1734.62
943: obito$o1734.63
959: obito$o1734.64
977: obito$o1734.65
990: obito$o1734.66
1005: obito$o1734.67
1016: obito$o1734.68
1030: obito$o1734.69
1041: obito$o1734.70
*** End of File


** Processed file- /kleio-home/sources/soure-fontes/sources/1720-1732/obi1734.cli
** Original file- /kleio-home/sources/soure-fontes/sources/1720-1732/obi1734.org
** Previous version- /kleio-home/sources/soure-fontes/sources/1720-1732/obi1734.old
** Temp file with ids- /kleio-home/sources/soure-fontes/sources/1720-1732/obi1734.ids
** - /kleio-home/sources/soure-fontes/sources/1720-1732/obi1734.cli-renamed to- /kleio-home/sources/soure-fontes/sources/1720-1732/obi1734.old
** - /kleio-home/sources/soure-fontes/sources/1720-1732/obi1734.ids-renamed to- /kleio-home/sources/soure-fontes/sources/1720-1732/obi1734.cli
** Translation files closed.
0  errors. 
1  warnings.
Translation finished.
