KleioTranslator - server version 2021.A4 - build 1891 (master) 01/06/2021 08:41 
1-6-2021 9-7

Processing data file obi1733.cli
-------------------------------------------
Generic Act translation module with geoentities (XML).
     Joaquim Ramos de Carvalho (joaquim@uc.pt) 
** New document: kleio
=========================
kleio translation started
=========================
Structure: gacto2.str
Prefix: 
Autorel: 
Translation count: 13
Obs: 
** Processing source fonte$obito 1733
** Base name of file obi1733.cli

WARNING: obi1733.cli line 3 * Warning: Filename should match source Id to avoid errors. File: obi1733.cli Id: obito 1733.
Near lines: 3 
Near line: 4       obito$o1733.01/3/1/1733/fl.68/celebrante__ vigario manuel rodrigues

6: obito$o1733.01
20: obito$o1733.2
33: obito$o1733.3
55: obito$o1733.4
74: obito$o1733.5
90: obito$o1733.6
108: obito$o1733.7
121: obito$o1733.8
135: obito$o1733.9
149: obito$o1733.10
162: obito$o1733.11
178: obito$o1733.12
194: obito$o1733.13
211: obito$o1733.14
226: obito$o1733.15
239: obito$o1733.16
250: obito$o1733.17
267: obito$o1733.18
282: obito$o1733.19
293: obito$o1733.20
307: obito$o1733.21
322: obito$o1733.22
334: obito$o1733.23
349: obito$o1733.24
365: obito$o1733.25
378: obito$o1733.26
398: obito$o1733.27
412: obito$o1733.28
426: obito$o1733.29
438: obito$o1733.30
459: obito$o1733.31
472: obito$o1733.32
488: obito$o1733.33
499: obito$o1733.34
513: obito$o1733.35
529: obito$o1733.36
542: obito$o1733.37
557: obito$o1733.38
574: obito$o1733.39
592: obito$o1733.40
610: obito$o1733.41
624: obito$o1733.42
642: obito$o1733.43
657: obito$o1733.44
670: obito$o1733.45
691: obito$o1733.46
705: obito$o1733.47
723: obito$o1733.48
734: obito$o1733.49
749: obito$o1733.50
764: obito$o1733.51
777: obito$o1733.52
791: obito$o1733.53
805: obito$o1733.54
817: obito$o1733.55
828: obito$o1733.56
844: obito$o1733.57
857: obito$o1733.58
865: obito$o1733.59
876: obito$o1733.60
891: obito$o1733.61
905: obito$o1733.62
921: obito$o1733.63
*** End of File


** Processed file- /kleio-home/sources/soure-fontes/sources/1720-1732/obi1733.cli
** Original file- /kleio-home/sources/soure-fontes/sources/1720-1732/obi1733.org
** Previous version- /kleio-home/sources/soure-fontes/sources/1720-1732/obi1733.old
** Temp file with ids- /kleio-home/sources/soure-fontes/sources/1720-1732/obi1733.ids
** - /kleio-home/sources/soure-fontes/sources/1720-1732/obi1733.cli-renamed to- /kleio-home/sources/soure-fontes/sources/1720-1732/obi1733.old
** - /kleio-home/sources/soure-fontes/sources/1720-1732/obi1733.ids-renamed to- /kleio-home/sources/soure-fontes/sources/1720-1732/obi1733.cli
** Translation files closed.
0  errors. 
1  warnings.
Translation finished.
