KleioTranslator - server version 2021.A4 - build 1967 (master) 18/08/2021 22:05 
21-8-2021 8-29

Processing data file b1716.cli
-------------------------------------------
Generic Act translation module with geoentities (XML).
     Joaquim Ramos de Carvalho (joaquim@uc.pt) 
** New document: kleio
=========================
kleio translation started
=========================
Structure: gacto.str
Prefix: 
Autorel: 
Translation count: 38
Obs: 
** Processing source fonte$b1716
** Base name of file b1716 in b1716.cli
6: bap$b1716.1
18: bap$b1716.2
35: bap$b1716.3
59: bap$b1716.4
82: bap$b1716.5
101: bap$b1716.6
128: bap$b1716.7
146: bap$b1716.8
162: bap$b1716.9
185: bap$b1716.10
218: bap$b1716.11
237: bap$b1716.12
255: bap$b1716.13
276: bap$b1716.14
295: bap$b1716.15
315: bap$b1716.16
333: bap$b1716.17
350: bap$b1716.18
372: bap$b1716.19
396: bap$b1716.20
416: bap$b1716.21
440: bap$b1716.22
460: bap$b1716.23
481: bap$b1716.24
498: bap$b1716.25
521: bap$b1716.26
542: bap$b1716.27
560: bap$b1716.28
581: bap$b1716.28b
600: bap$b1716.28c
621: bap$b1716.29
642: bap$b1716.30
664: bap$b1716.31
684: bap$b1716.32
703: bap$b1716.33
721: bap$b1716.34
749: bap$b1716.35
767: bap$b1716.36
788: bap$b1716.37
812: bap$b1716.38
835: bap$b1716.39
855: bap$b1716.40
877: bap$b1716.41
891: bap$b1716.42
912: bap$b1716.43
939: bap$b1716.44
959: bap$b1716.45
977: bap$b1716.46
998: bap$b1716.47
1017: bap$b1716.48
1036: bap$b1716.49
1058: bap$b1716.50
1076: bap$b1716.51
1094: bap$b1716.52
1114: bap$b1716.53
1133: bap$b1716.54
1163: bap$b1716.55
1187: bap$b1716.56
1206: bap$b1716.57
1223: bap$b1716.58
1240: bap$b1716.59
1261: bap$b1716.60
1281: bap$b1716.61
1299: bap$b1716.62
1319: bap$b1716.63
1338: bap$b1716.64
1360: bap$b1716.65
1380: bap$b1716.66
1404: bap$b1716.67
1424: bap$b1716.68
1438: bap$b1716.69
1456: bap$b1716.70
1482: bap$b1716.71
1505: bap$b1716.72
1528: bap$b1716.73
1548: bap$b1716.74
1568: bap$b1716.75
1595: bap$b1716.76
1613: bap$b1716.77
1633: bap$b1716.78
1651: bap$b1716.79
1670: bap$b1716.80
1690: bap$b1716.81
1710: bap$b1716.82
1726: bap$b1716.83
1745: bap$b1716.84
1761: bap$b1716.85
1779: bap$b1716.86
1799: bap$b1716.87
1820: bap$b1716.88
1840: bap$b1716.89
1859: bap$b1716.90
1879: bap$b1716.91
1914: bap$b1716.92
1931: bap$b1716.93
1950: bap$b1716.94
1969: bap$b1716.95
1993: bap$b1716.96
2017: bap$b1716.97
*** End of File

Line 924 "SAME AS" TO EXTERNAL REFERENCE EXPORTED (c6-7-anta) CHECK IF IT EXISTS BEFORE IMPORTING THIS FILE.
Line 1624 "SAME AS" TO EXTERNAL REFERENCE EXPORTED (c1708.23-8) CHECK IF IT EXISTS BEFORE IMPORTING THIS FILE.
Line 1626 "SAME AS" TO EXTERNAL REFERENCE EXPORTED (c6-7-josa) CHECK IF IT EXISTS BEFORE IMPORTING THIS FILE.
Line 2004 "SAME AS" TO EXTERNAL REFERENCE EXPORTED (c1708.23-8) CHECK IF IT EXISTS BEFORE IMPORTING THIS FILE.
Line 2006 "SAME AS" TO EXTERNAL REFERENCE EXPORTED (c6-7-josa) CHECK IF IT EXISTS BEFORE IMPORTING THIS FILE.

** Processed file- /kleio-home/sources/soure-fontes/sources/1685-1720/baptismos/b1716.cli
** Original file- /kleio-home/sources/soure-fontes/sources/1685-1720/baptismos/b1716.org
** Previous version- /kleio-home/sources/soure-fontes/sources/1685-1720/baptismos/b1716.old
** Temp file with ids- /kleio-home/sources/soure-fontes/sources/1685-1720/baptismos/b1716.ids
** - /kleio-home/sources/soure-fontes/sources/1685-1720/baptismos/b1716.cli-renamed to- /kleio-home/sources/soure-fontes/sources/1685-1720/baptismos/b1716.old
** - /kleio-home/sources/soure-fontes/sources/1685-1720/baptismos/b1716.ids-renamed to- /kleio-home/sources/soure-fontes/sources/1685-1720/baptismos/b1716.cli
** Translation files closed.
0  errors. 
0  warnings.
Translation finished.
