KleioTranslator - server version 2021.A4 - build 1878 (master) 25/05/2021 11:05 
25-5-2021 5-33

Processing data file mhk_identification_soure-editor.cli
-------------------------------------------
Generic Act translation module with geoentities (XML).
     Joaquim Ramos de Carvalho (joaquim@uc.pt) 
** New document: kleio
=========================
kleio translation started
=========================
Structure: gacto2.str
Prefix: 
Autorel: 
Translation count: 
Obs: Generated from database soure_editor by user soure, file date: +2021-05-25 Timestamp:2021-05-25T04:24:49.681Z
Translation count not set or invalid, counting as zero: 
** Processing authority register identifications$real-entities-soure-editor
** Processing rperson record rperson$rp-416
** Processing rperson record rperson$rp-1618
** Processing rperson record rperson$rp-816
** Processing rperson record rperson$rp-1624
** Processing rperson record rperson$rp-1714
** Processing rperson record rperson$rp-459
** Processing rperson record rperson$rp-1637
** Processing rperson record rperson$rp-1895
** Processing rperson record rperson$rp-1627
** Processing rperson record rperson$rp-1625
** Processing rperson record rperson$rp-30
** Processing rperson record rperson$rp-402
**     Processing rentity occurence amz32-per18
**     Processing rentity occurence amz34-per18
**     Processing rentity occurence amz48-per15
**     Processing rentity occurence amz49-per7
** Processing rperson record rperson$rp-264
** Processing rperson record rperson$rp-1684
** Processing rperson record rperson$rp-308
** Processing rperson record rperson$rp-255
** Processing rperson record rperson$rp-1840
** Processing rperson record rperson$rp-348
** Processing rperson record rperson$rp-813
** Processing rperson record rperson$rp-109
** Processing rperson record rperson$rp-562
** Processing rperson record rperson$rp-561
** Processing rperson record rperson$rp-1718
** Processing rperson record rperson$rp-248
** Processing rperson record rperson$rp-1870
** Processing rperson record rperson$rp-621
** Processing rperson record rperson$rp-273
** Processing rperson record rperson$rp-285
** Processing rperson record rperson$rp-326
** Processing rperson record rperson$rp-656
** Processing rperson record rperson$rp-771
** Processing rperson record rperson$rp-205
**     Processing rentity occurence 1720-o43-antonia
**     Processing rentity occurence 1720-b32-antonia
**     Processing rentity occurence 1720-b46-antonia
**     Processing rentity occurence 1720-o85-antonia
**     Processing rentity occurence 1720-o86-antonia
**     Processing rentity occurence 1721-b59-antonia
**     Processing rentity occurence 1721-o45-antonia
**     Processing rentity occurence 1721-o75-antonia
**     Processing rentity occurence 1721-b111-antonia
**     Processing rentity occurence 1721-o102-antonia
**     Processing rentity occurence 1723-o3-antonia
**     Processing rentity occurence c1716.21-per3
** Processing rperson record rperson$rp-129
** Processing rperson record rperson$rp-203
** Processing rperson record rperson$rp-387
**     Processing rentity occurence b1719.7-per6
**     Processing rentity occurence br16011719
**     Processing rentity occurence b1719.46-per6
**     Processing rentity occurence b1719.47-per5
**     Processing rentity occurence b1719.86-per5
** Processing rperson record rperson$rp-424
** Processing rperson record rperson$rp-569
** Processing rperson record rperson$rp-1685
** Processing rperson record rperson$rp-268
** Processing rperson record rperson$rp-369
** Processing rperson record rperson$rp-512
** Processing rperson record rperson$rp-282
** Processing rperson record rperson$rp-92
** Processing rperson record rperson$rp-566
** Processing rperson record rperson$rp-785
** Processing rperson record rperson$rp-639
** Processing rperson record rperson$rp-636
** Processing rperson record rperson$rp-88
** Processing rperson record rperson$rp-209
**     Processing rentity occurence amz32-per13
**     Processing rentity occurence amz34-per13
**     Processing rentity occurence amz48-per13
**     Processing rentity occurence amz49-per5
** Processing rperson record rperson$rp-23
**     Processing rentity occurence c40-9
**     Processing rentity occurence c5-7
**     Processing rentity occurence c83-8
** Processing rperson record rperson$rp-245
** Processing rperson record rperson$rp-274
**     Processing rentity occurence b1705.50-per1
**     Processing rentity occurence amabreu
**     Processing rentity occurence bn03061706-per1
**     Processing rentity occurence b1709.22-per6
**     Processing rentity occurence b1709.37-per1-per2
**     Processing rentity occurence b1718.10-per3
**     Processing rentity occurence b1718.96-per4
** Processing rperson record rperson$rp-368
** Processing rperson record rperson$rp-211
**     Processing rentity occurence o1720.12-per1
**     Processing rentity occurence obitos-1720-his4095-per1
** Processing rperson record rperson$rp-202
**     Processing rentity occurence b1714.48-per4
**     Processing rentity occurence b1714.57-per3
**     Processing rentity occurence b1715.25-per4
**     Processing rentity occurence bpad13101715
**     Processing rentity occurence b1731.70-per3
** Processing rperson record rperson$rp-234
**     Processing rentity occurence c2-7
**     Processing rentity occurence c2-7
**     Processing rentity occurence b1697.17-per4
**     Processing rentity occurence b1699.36-per4
**     Processing rentity occurence b1700.8-per6
**     Processing rentity occurence b1700.62-per4
**     Processing rentity occurence b1701.9-per4
**     Processing rentity occurence b1702.72-per4
**     Processing rentity occurence b1709.23-per3
**     Processing rentity occurence c1693.31-per8
**     Processing rentity occurence c1693.32-per6
**     Processing rentity occurence c1693.34-per8
**     Processing rentity occurence c1693.35-per8
** Processing rperson record rperson$rp-56
** Processing rperson record rperson$rp-150
**     Processing rentity occurence b1715.53-per1-per3
**     Processing rentity occurence bmae07071715
** Processing rperson record rperson$rp-284
**     Processing rentity occurence b1707.69-per1-per3
**     Processing rentity occurence bmae12091707
** Processing rperson record rperson$rp-325
**     Processing rentity occurence bn08061718-per1
** Processing rperson record rperson$rp-400
**     Processing rentity occurence c1693.27-per4
**     Processing rentity occurence b1696.72-per1-per3
**     Processing rentity occurence b1699.39-per1-per3
**     Processing rentity occurence b1700.70-per1-per3
**     Processing rentity occurence b1703.16-per1-per3
**     Processing rentity occurence b1704.102-per1-per3
** Processing rperson record rperson$rp-440
**     Processing rentity occurence c24-8
**     Processing rentity occurence c12-7
**     Processing rentity occurence c25-8
**     Processing rentity occurence c43-7
**     Processing rentity occurence b1714.28-per4
**     Processing rentity occurence c1714.5-per7
**     Processing rentity occurence b1715.18-per4
**     Processing rentity occurence b1715.78-per4
**     Processing rentity occurence b1715.94-per1-per2
**     Processing rentity occurence c1686.7-per7
**     Processing rentity occurence c1687.13-per7
**     Processing rentity occurence obitos-1713-his3504-per1-per2
**     Processing rentity occurence obitos-1715-his3616-per1-per2
**     Processing rentity occurence c1688.4-per7
**     Processing rentity occurence obitos-1716-his3799-per1-per2
**     Processing rentity occurence obitos-1720-his4133-per1-per2
**     Processing rentity occurence obitos-1720-his4143-per1-per2
**     Processing rentity occurence c1689.20-per7
**     Processing rentity occurence b1695.62-per4
**     Processing rentity occurence b1697.1-per4
**     Processing rentity occurence b1697.36-per4
**     Processing rentity occurence b1699.64-per5
**     Processing rentity occurence b1702.16-per4
**     Processing rentity occurence b1702.19-per4
**     Processing rentity occurence b1703.34-per4
**     Processing rentity occurence b1706.20-per1-per2
**     Processing rentity occurence b1706.69-per3
**     Processing rentity occurence b1709.86-per4
**     Processing rentity occurence b1710.84-per4
**     Processing rentity occurence b1713.3-per6
**     Processing rentity occurence b1713.7-per6
**     Processing rentity occurence b1713.12-per4
**     Processing rentity occurence b1713.36-per6
**     Processing rentity occurence b1713.88-per1-per2
**     Processing rentity occurence b1713.106-per4
**     Processing rentity occurence b1718.5-per4
**     Processing rentity occurence b1718.27-per4
**     Processing rentity occurence bn08051718c-per1
**     Processing rentity occurence b1718.72-per4
**     Processing rentity occurence c1693.36-per7
**     Processing rentity occurence b1685.6-per4
**     Processing rentity occurence b1685.27b-per3
**     Processing rentity occurence b1685.29-per4
**     Processing rentity occurence b1686.28-per4
**     Processing rentity occurence b1686.44-per4
**     Processing rentity occurence ro18011687
**     Processing rentity occurence b1687.11-per4
**     Processing rentity occurence ro27041687
**     Processing rentity occurence b1687.26-per4
**     Processing rentity occurence b1687.87-per4
**     Processing rentity occurence b1688.4-per4
**     Processing rentity occurence b1688.28-per4
**     Processing rentity occurence b1689.34-per4
**     Processing rentity occurence b1689.44-per4
**     Processing rentity occurence b1689.63-per4
**     Processing rentity occurence b1689.87-per4
**     Processing rentity occurence b1689.91-per1
**     Processing rentity occurence b1690.29-per4
**     Processing rentity occurence b1690.51-per4
**     Processing rentity occurence b1690.69-per4
**     Processing rentity occurence b1690.77-per4
**     Processing rentity occurence c1691.1-per7
**     Processing rentity occurence c1691.2-per7
**     Processing rentity occurence b1691.60-per4
**     Processing rentity occurence b1691.62-per4
**     Processing rentity occurence br29091691b
**     Processing rentity occurence b1691.76-per2
**     Processing rentity occurence b1691.79-per4
**     Processing rentity occurence b1692.10-per6
**     Processing rentity occurence b1692.44-per7
**     Processing rentity occurence b1692.47-per6
**     Processing rentity occurence b1692.73-per4
**     Processing rentity occurence b1698.65-per6
**     Processing rentity occurence b1698.108-per1-per1-9
**     Processing rentity occurence b1699.30-per1-per2
**     Processing rentity occurence nm46-per1
**     Processing rentity occurence b1702.82-per1-per2
**     Processing rentity occurence amz56-per7
**     Processing rentity occurence c1710.2-7
**     Processing rentity occurence amz58-per1
**     Processing rentity occurence c1712.14-1
**     Processing rentity occurence o1713-3504-per1-per2
**     Processing rentity occurence o1715-3616-per1-per2
**     Processing rentity occurence amz61-per11
**     Processing rentity occurence o1716-3799-per1-per2
**     Processing rentity occurence br04101716
**     Processing rentity occurence b1716.87-per1-per2
**     Processing rentity occurence b1717.24-per4
**     Processing rentity occurence b1717.69-per4
**     Processing rentity occurence b1717.88-per4
**     Processing rentity occurence b1719.43-per6
**     Processing rentity occurence b1720.29-per4
**     Processing rentity occurence o1720-4133-per1-per2
**     Processing rentity occurence bn03081720-per1
**     Processing rentity occurence o1720-4143-per1-per2
**     Processing rentity occurence b1720.86-per4
**     Processing rentity occurence b1720.87-per4
**     Processing rentity occurence o1721.36-per1-per2
**     Processing rentity occurence o1723.76-per2
**     Processing rentity occurence c1724.24-per7
**     Processing rentity occurence b1726.27-per4
**     Processing rentity occurence b1726.31-per4
**     Processing rentity occurence 1726-b74-joao
**     Processing rentity occurence b1727.22-per5
**     Processing rentity occurence 1727-b18-joao
**     Processing rentity occurence b1727.64-per3
**     Processing rentity occurence b1728.75-per5
** Processing rperson record rperson$rp-427
**     Processing rentity occurence d1692-c15-per15
** Processing rperson record rperson$rp-269
**     Processing rentity occurence b1705.13-per4
**     Processing rentity occurence c113-7-jor
**     Processing rentity occurence b1705.81-per4
**     Processing rentity occurence b1706.20-per4
**     Processing rentity occurence b1706.29-per4
**     Processing rentity occurence b1706.35-per4
** Processing rperson record rperson$rp-145
**     Processing rentity occurence c1718.15-per2
**     Processing rentity occurence c180-7
**     Processing rentity occurence obitos-1708-his3119-per1-per2
**     Processing rentity occurence b1695.11-per4
**     Processing rentity occurence b1695.35-per1-per3
**     Processing rentity occurence b1695.84-per4
**     Processing rentity occurence b1695.87-per4
**     Processing rentity occurence b1695.92-per4
**     Processing rentity occurence b1696.72-per1-per2
**     Processing rentity occurence b1699.39-per1-per2
**     Processing rentity occurence b1700.70-per1-per2
**     Processing rentity occurence b1703.16-per1-per2
**     Processing rentity occurence b1704.102-per1-per2
**     Processing rentity occurence b1705.62-per4
**     Processing rentity occurence b1706.66-per1-per2
**     Processing rentity occurence b1712.79-per1-per2
**     Processing rentity occurence b1718.90-per5
**     Processing rentity occurence c1693.27-per1
** Processing rperson record rperson$rp-289
**     Processing rentity occurence b1708.11-per4
**     Processing rentity occurence c17-7-luis
**     Processing rentity occurence b1713.44-per4
**     Processing rentity occurence b1718.12-per4
**     Processing rentity occurence b1718.18-per6
**     Processing rentity occurence b1718.88-per1-per2
** Processing rperson record rperson$rp-347
** Processing rperson record rperson$rp-484
**     Processing rentity occurence b1706.51d-per4
**     Processing rentity occurence lmabreu
**     Processing rentity occurence b1706.51h-per5
**     Processing rentity occurence b1706.94-per1-per2
**     Processing rentity occurence b1706.102-per4
**     Processing rentity occurence b1707.34-per4
**     Processing rentity occurence b1707.52-per4
**     Processing rentity occurence b1707.56-per4
**     Processing rentity occurence b1707.76-per4
**     Processing rentity occurence b1707.83-per4
**     Processing rentity occurence b1708.7-per6
**     Processing rentity occurence b1708.9-per5
**     Processing rentity occurence b1708.12-per4
**     Processing rentity occurence b1708.98-per6
**     Processing rentity occurence b1708.99-per1-per2
**     Processing rentity occurence b1709.36-per6
**     Processing rentity occurence b1709.53-per4
**     Processing rentity occurence b1709.58-per4
**     Processing rentity occurence b1710.12-per5
**     Processing rentity occurence b1710.19-per6
**     Processing rentity occurence b1710.29-per5
**     Processing rentity occurence b1710.42-per5
**     Processing rentity occurence b1710.47-per4
**     Processing rentity occurence b1710.74-per4
**     Processing rentity occurence b1710.98-per4
**     Processing rentity occurence b1711.31-per4
**     Processing rentity occurence b1711.40-per5
**     Processing rentity occurence b1711.53-per3
**     Processing rentity occurence b1711.71-per1-per2
**     Processing rentity occurence b1711.98-per6
**     Processing rentity occurence b1711.110-per4
**     Processing rentity occurence b1712.35-per4
**     Processing rentity occurence b1712.68-per4
**     Processing rentity occurence b1713.8-per6
**     Processing rentity occurence b1714.41-per4
**     Processing rentity occurence b1714.64-per4
**     Processing rentity occurence b1718.7-per6
**     Processing rentity occurence b1718.49-per5
**     Processing rentity occurence b1718.70-per4
**     Processing rentity occurence b1718.80-per5
**     Processing rentity occurence b1705.79-per6
**     Processing rentity occurence b1705.83-per6
**     Processing rentity occurence b1705.98-per6
** Processing rperson record rperson$rp-275
**     Processing rentity occurence b1706.3-per4
**     Processing rentity occurence mscoelho
**     Processing rentity occurence b1706.32-per1-per2
**     Processing rentity occurence b1706.96-per6
**     Processing rentity occurence b1707.53-per6
**     Processing rentity occurence b1708.7-per4
**     Processing rentity occurence b1708.19-per1-per2
**     Processing rentity occurence b1709.55-per2
**     Processing rentity occurence b1709.86-per6
**     Processing rentity occurence b1710.79-per4
**     Processing rentity occurence bn13101710-per1
**     Processing rentity occurence b1711.71-per6
**     Processing rentity occurence b1712.16-per1-per2
**     Processing rentity occurence b1712.38-per4
**     Processing rentity occurence b1712.56-per4
**     Processing rentity occurence b1712.74-per5
**     Processing rentity occurence b1713.43-per4
**     Processing rentity occurence b1714.81-per4
**     Processing rentity occurence b1718.98-per5
**     Processing rentity occurence b1718.104-per5
** Processing rperson record rperson$rp-184
**     Processing rentity occurence b1720.9-per2
**     Processing rentity occurence b1720.8-mn
** Processing rperson record rperson$rp-270
**     Processing rentity occurence b1705.13-per5
**     Processing rentity occurence c113-7-mar
**     Processing rentity occurence b1705.31-per5
**     Processing rentity occurence b1706.20-per5
**     Processing rentity occurence b1706.35-per5
**     Processing rentity occurence b1707.4-per5
**     Processing rentity occurence b1707.7-per5
** Processing rperson record rperson$rp-288
**     Processing rentity occurence b1709.36-per5
**     Processing rentity occurence b1709.58-per5
**     Processing rentity occurence b1712.68-per5
**     Processing rentity occurence b1713.8-per5
**     Processing rentity occurence b1718.49-per6
** Processing rperson record rperson$rp-43
**     Processing rentity occurence c136-2
**     Processing rentity occurence c59-5
** Processing rperson record rperson$rp-438
**     Processing rentity occurence amz13-per13
**     Processing rentity occurence b1697.84-per7
**     Processing rentity occurence amz46-per14
** Processing rperson record rperson$rp-206
**     Processing rentity occurence b1720.32-per4
**     Processing rentity occurence b1720.46-per6
**     Processing rentity occurence o1721.45-per2
**     Processing rentity occurence o1721.75-per2
**     Processing rentity occurence b1721.111-per6
**     Processing rentity occurence o1721.102-per3
**     Processing rentity occurence o1723.3-per3
** Processing rperson record rperson$rp-149
**     Processing rentity occurence b1715.53-per1-per2
**     Processing rentity occurence bpai07071715
** Processing rperson record rperson$rp-283
**     Processing rentity occurence b1707.69-per1-per2
**     Processing rentity occurence bpai12091707
** Processing rperson record rperson$rp-263
**     Processing rentity occurence b1704.51-per1
**     Processing rentity occurence c6-7-rod
**     Processing rentity occurence b1705.52-per4
**     Processing rentity occurence b1705.64-per4
**     Processing rentity occurence b1706.53-per1
**     Processing rentity occurence b1707.47-per4
**     Processing rentity occurence b1708.100-per4
**     Processing rentity occurence b1709.8-per4
**     Processing rentity occurence b1709.16-per4
**     Processing rentity occurence b1709.100-per4
**     Processing rentity occurence b1710.52-per4
**     Processing rentity occurence b1710.101-per4
**     Processing rentity occurence b1713.5-per4
**     Processing rentity occurence b1714.5-per4
**     Processing rentity occurence b1714.9-per4
**     Processing rentity occurence b1714.37-per4
**     Processing rentity occurence b1714.42-per4
**     Processing rentity occurence b1714.66-per4
**     Processing rentity occurence b1718.8-per3
**     Processing rentity occurence b1718.56-per3
** Processing rperson record rperson$rp-103
**     Processing rentity occurence c1708.24-8
**     Processing rentity occurence c1708.23-8
**     Processing rentity occurence c1708.27-8
** Processing rperson record rperson$rp-3
**     Processing rentity occurence c1693.39-per7
**     Processing rentity occurence sscoelho
**     Processing rentity occurence c1694.23-per2
**     Processing rentity occurence obitos-1708-his3139-per1
** Processing rperson record rperson$rp-76
**     Processing rentity occurence c279-9
**     Processing rentity occurence c278-9
** Processing rperson record rperson$rp-524
**     Processing rentity occurence c1708.22-4
**     Processing rentity occurence b1709.90-per1-per3
**     Processing rentity occurence b1711.81-per4
** Processing rperson record rperson$rp-321
**     Processing rentity occurence b1714.13-per6
**     Processing rentity occurence tvelho
** Processing rperson record rperson$rp-436
**     Processing rentity occurence amz12-per19
**     Processing rentity occurence amz46-per12
**     Processing rentity occurence amz48-per17
*** End of File


** Processed file- /kleio-home/sources/soure-fontes/identifications/mhk_identification_soure-editor.cli
** Original file- /kleio-home/sources/soure-fontes/identifications/mhk_identification_soure-editor.org
** Previous version- /kleio-home/sources/soure-fontes/identifications/mhk_identification_soure-editor.old
** Temp file with ids- /kleio-home/sources/soure-fontes/identifications/mhk_identification_soure-editor.ids
** - /kleio-home/sources/soure-fontes/identifications/mhk_identification_soure-editor.cli-renamed to- /kleio-home/sources/soure-fontes/identifications/mhk_identification_soure-editor.old
** - /kleio-home/sources/soure-fontes/identifications/mhk_identification_soure-editor.ids-renamed to- /kleio-home/sources/soure-fontes/identifications/mhk_identification_soure-editor.cli
** Translation files closed.
0  errors. 
0  warnings.
Translation finished.
