KleioTranslator - server version 2021.A4 - build 1886 (master) 26/05/2021 16:42 
31-5-2021 15-52

Processing data file mhk_identification_soure-pedro.cli
-------------------------------------------
Generic Act translation module with geoentities (XML).
     Joaquim Ramos de Carvalho (joaquim@uc.pt) 
** New document: kleio
=========================
kleio translation started
=========================
Structure: gacto2.str
Prefix: 
Autorel: 
Translation count: 
Obs: Generated from database soure_editor by user soure, file date: +2021-05-31 Timestamp:2021-05-31T14:37:11.840Z
Translation count not set or invalid, counting as zero: 
** Processing authority register identifications$real-entities-soure-pedro
** Processing rperson record rperson$rp-909
**     Processing rentity occurence b1690.76-per1
**     Processing rentity occurence b1715.15-per5
**     Processing rentity occurence 1725-o01-antonia
** Processing rperson record rperson$rp-914
**     Processing rentity occurence c1686.11-per7
**     Processing rentity occurence bcel26091688
** Processing rperson record rperson$rp-912
**     Processing rentity occurence b1688.66-per1
**     Processing rentity occurence o1704-2842-per1
** Processing rperson record rperson$rp-907
**     Processing rentity occurence amz7-per20
**     Processing rentity occurence emz1-2-per20-13
**     Processing rentity occurence amz10-per8
**     Processing rentity occurence emz1-3-per8-13
**     Processing rentity occurence c1688.4-per5
**     Processing rentity occurence dev1690-per23
**     Processing rentity occurence b1690.71-per6
**     Processing rentity occurence n.2.4.18-per4
**     Processing rentity occurence n.2.4.28-per4
**     Processing rentity occurence c69-9
**     Processing rentity occurence amz45-per2
**     Processing rentity occurence emz1-16-per12-13
**     Processing rentity occurence amz46-per22
**     Processing rentity occurence c221-8
**     Processing rentity occurence c257-7
**     Processing rentity occurence o1712-3412-per1
** Processing rperson record rperson$rp-908
**     Processing rentity occurence b1690.76-per1-per2
**     Processing rentity occurence b1715.15-per6
**     Processing rentity occurence o1725.01-per2
**     Processing rentity occurence b1688.66-per1-per2
**     Processing rentity occurence b1690.2-per1-per2
**     Processing rentity occurence b1694.27-per1-per2
**     Processing rentity occurence b1694.60-per6
**     Processing rentity occurence a1694-6a
**     Processing rentity occurence b1696.10-per1-per2
**     Processing rentity occurence b1697.49-per1-per2
**     Processing rentity occurence b1698.99-per1-per2
**     Processing rentity occurence o1699-2491-per1-per2
**     Processing rentity occurence b1699.62-per4
**     Processing rentity occurence o1699-2497-per1-per2
**     Processing rentity occurence bpad26101700
**     Processing rentity occurence o1704-2842-per1-per2
**     Processing rentity occurence o1710-3273-per1
**     Processing rentity occurence c1715.9-per8
**     Processing rentity occurence c1722.17-per5
**     Processing rentity occurence b1692.80-per1-per2
** Processing rperson record rperson$rp-911
**     Processing rentity occurence b1688.66-per1-per3
**     Processing rentity occurence b1690.2-per1-per3
**     Processing rentity occurence b1690.76-per1-per3
**     Processing rentity occurence b1694.27-per1-per3
**     Processing rentity occurence b1696.10-per1-per3
**     Processing rentity occurence b1697.49-per1-per3
**     Processing rentity occurence b1698.99-per1-per3
**     Processing rentity occurence o1699-2491-per1
**     Processing rentity occurence c1722.17-per6
**     Processing rentity occurence b1692.80-per1-per3
** Processing rperson record rperson$rp-910
**     Processing rentity occurence b1697.49-per1
**     Processing rentity occurence c1722.17-per4
** Processing rperson record rperson$rp-913
**     Processing rentity occurence c1688.13-per1
**     Processing rentity occurence b1690.9-per1-per2
**     Processing rentity occurence b1694.2-per1-per2
**     Processing rentity occurence b1705.69-per1-per2
**     Processing rentity occurence b1690.16-per4
**     Processing rentity occurence b1694.79-per4
**     Processing rentity occurence b1708.4-per4
**     Processing rentity occurence n.2.4.40-per15
**     Processing rentity occurence b1691.92-per1-per2
**     Processing rentity occurence b1692.79-per4
**     Processing rentity occurence b1693.33-per4
**     Processing rentity occurence b1693.35-per4
**     Processing rentity occurence b1693.51-per6
**     Processing rentity occurence b1693.68-per4
**     Processing rentity occurence b1695.95-per1-per2
**     Processing rentity occurence nm259-per1
**     Processing rentity occurence b1700.2-per4
**     Processing rentity occurence peiro
**     Processing rentity occurence b1700.26-per5
**     Processing rentity occurence b1701.16-per3
**     Processing rentity occurence b1701.34-per4
**     Processing rentity occurence b1701.39-per3
**     Processing rentity occurence b1701.50-per6
**     Processing rentity occurence b1702.85-per4
**     Processing rentity occurence b1702.96-per4
**     Processing rentity occurence b1703.27-per4
**     Processing rentity occurence b1703.66-per4
**     Processing rentity occurence b1703.70-per4
**     Processing rentity occurence b1704.75-per5
**     Processing rentity occurence b1705.5-per6
**     Processing rentity occurence b1705.94-per5
**     Processing rentity occurence b1707.28-per4
**     Processing rentity occurence b1707.70-per1-per2
**     Processing rentity occurence b1707.86-per4
**     Processing rentity occurence c1708.22-5
**     Processing rentity occurence b1708.98-per4
**     Processing rentity occurence b1709.21-per4
**     Processing rentity occurence amz56-per3
**     Processing rentity occurence emz1-19-per3-13
**     Processing rentity occurence bn31101709-per1
**     Processing rentity occurence b1709.90-per4
**     Processing rentity occurence amz57-per4
**     Processing rentity occurence emz1-20-per4-13
**     Processing rentity occurence b1711.27-per3
**     Processing rentity occurence o1712-3369-per1-per2
**     Processing rentity occurence b1712.17-per6
**     Processing rentity occurence amz58-per16
**     Processing rentity occurence emz1-21-per16-13
**     Processing rentity occurence c1712.17-9
**     Processing rentity occurence amz59-per12
**     Processing rentity occurence emz1-22-per12-13
**     Processing rentity occurence b1715.13-per4
**     Processing rentity occurence amz79-per17
**     Processing rentity occurence emz1-25-per17-13
**     Processing rentity occurence c1719.13-per8
**     Processing rentity occurence emz1-26-per14-13
**     Processing rentity occurence amz80-per14
**     Processing rentity occurence c1723.4-per8
**     Processing rentity occurence o1724.34-per1-per2
**     Processing rentity occurence o1726.31-per1
**     Processing rentity occurence b1702.19-per6
**     Processing rentity occurence b1702.51-per4
*** End of File


** Processed file- /kleio-home/sources/soure-fontes/identifications/mhk_identification_soure-pedro.cli
** Original file- /kleio-home/sources/soure-fontes/identifications/mhk_identification_soure-pedro.org
** Previous version- /kleio-home/sources/soure-fontes/identifications/mhk_identification_soure-pedro.old
** Temp file with ids- /kleio-home/sources/soure-fontes/identifications/mhk_identification_soure-pedro.ids
** - /kleio-home/sources/soure-fontes/identifications/mhk_identification_soure-pedro.cli-renamed to- /kleio-home/sources/soure-fontes/identifications/mhk_identification_soure-pedro.old
** - /kleio-home/sources/soure-fontes/identifications/mhk_identification_soure-pedro.ids-renamed to- /kleio-home/sources/soure-fontes/identifications/mhk_identification_soure-pedro.cli
** Translation files closed.
0  errors. 
0  warnings.
Translation finished.
