KleioTranslator - server version 2021.A4 - build 1830 (master) 23/05/2021 17:33 
23-5-2021 12-59

Processing data file eleicoes3.cli
-------------------------------------------
Generic Act translation module with geoentities (XML).
     Joaquim Ramos de Carvalho (joaquim@uc.pt) 
** New document: kleio
=========================
kleio translation started
=========================
Structure: gacto2.str
Prefix: 
Autorel: 
Translation count: 16
Obs: 
** Processing source fonte$mis mesa3
** Base name of file eleicoes3.cli

WARNING: eleicoes3.cli line 3 * Warning: Filename should match source Id to avoid errors. File: eleicoes3.cli Id: mis mesa3.
Near lines: 3 
Near line: 4       amz$emz3-1/02/07/1853/11/resumo=termo de eleicao de irmaos da mesa/obs=por nao ser suficiente o numerode irmaos para a eleicao continua a mesma mesa para mais um ano menos o escrivao joseteodorico barbosa pelos seus muitos afazeres

6: amz$emz3-1
49: amz$emz3-2
90: amz$emz3-3
92: amz$emz3-4
137: amz$emz3-5
180: amz$emz3-6
182: amz$emz3-7
243: amz$emz3-8
*** End of File


** Processed file- /kleio-home/sources/soure-fontes/sources/1685-1720/irmaos_misericordia/eleicoes3.cli
** Original file- /kleio-home/sources/soure-fontes/sources/1685-1720/irmaos_misericordia/eleicoes3.org
** Previous version- /kleio-home/sources/soure-fontes/sources/1685-1720/irmaos_misericordia/eleicoes3.old
** Temp file with ids- /kleio-home/sources/soure-fontes/sources/1685-1720/irmaos_misericordia/eleicoes3.ids
** - /kleio-home/sources/soure-fontes/sources/1685-1720/irmaos_misericordia/eleicoes3.cli-renamed to- /kleio-home/sources/soure-fontes/sources/1685-1720/irmaos_misericordia/eleicoes3.old
** - /kleio-home/sources/soure-fontes/sources/1685-1720/irmaos_misericordia/eleicoes3.ids-renamed to- /kleio-home/sources/soure-fontes/sources/1685-1720/irmaos_misericordia/eleicoes3.cli
** Translation files closed.
0  errors. 
1  warnings.
Translation finished.
