KleioTranslator - server version 2021.A4 - build 1967 (master) 18/08/2021 22:05 
21-8-2021 8-39

Processing data file eleicoes5.cli
-------------------------------------------
Generic Act translation module with geoentities (XML).
     Joaquim Ramos de Carvalho (joaquim@uc.pt) 
** New document: kleio
=========================
kleio translation started
=========================
Structure: gacto2.str
Prefix: 
Autorel: 
Translation count: 13
Obs: 
** Processing source fonte$eleicoes5
** Base name of file eleicoes5 in eleicoes5.cli
6: amz$emz5-1
32: amz$emz5-2
61: amz$emz5-3
87: amz$emz5-4
114: amz$emz5-5
141: amz$emz5-6
168: amz$emz5-7
195: amz$emz5-8
222: amz$emz5-9
249: amz$emz5-10
275: amz$emz5-11
301: amz$emz5-12
327: amz$emz5-13
353: amz$emz5-14
*** End of File


** Processed file- /kleio-home/sources/soure-fontes/sources/1685-1720/irmaos_misericordia/eleicoes5.cli
** Original file- /kleio-home/sources/soure-fontes/sources/1685-1720/irmaos_misericordia/eleicoes5.org
** Previous version- /kleio-home/sources/soure-fontes/sources/1685-1720/irmaos_misericordia/eleicoes5.old
** Temp file with ids- /kleio-home/sources/soure-fontes/sources/1685-1720/irmaos_misericordia/eleicoes5.ids
** - /kleio-home/sources/soure-fontes/sources/1685-1720/irmaos_misericordia/eleicoes5.cli-renamed to- /kleio-home/sources/soure-fontes/sources/1685-1720/irmaos_misericordia/eleicoes5.old
** - /kleio-home/sources/soure-fontes/sources/1685-1720/irmaos_misericordia/eleicoes5.ids-renamed to- /kleio-home/sources/soure-fontes/sources/1685-1720/irmaos_misericordia/eleicoes5.cli
** Translation files closed.
0  errors. 
0  warnings.
Translation finished.
